0 info it worked if it ends with ok
1 verbose cli [ 'C:\\Program Files\\nodejs\\\\node.exe',
1 verbose cli   'C:\\Program Files\\nodejs\\node_modules\\npm\\bin\\npm-cli.js',
1 verbose cli   'install',
1 verbose cli   'grunt-php',
1 verbose cli   '--save-dev' ]
2 info using npm@1.4.3
3 info using node@v0.10.26
4 verbose node symlink C:\Program Files\nodejs\\node.exe
5 warn package.json project_name@1.0.0 No description
6 warn package.json project_name@1.0.0 No repository field.
7 warn package.json project_name@1.0.0 No README data
8 verbose readDependencies using package.json deps
9 verbose cache add [ 'grunt-php', null ]
10 verbose cache add name=undefined spec="grunt-php" args=["grunt-php",null]
11 verbose parsed url { protocol: null,
11 verbose parsed url   slashes: null,
11 verbose parsed url   auth: null,
11 verbose parsed url   host: null,
11 verbose parsed url   port: null,
11 verbose parsed url   hostname: null,
11 verbose parsed url   hash: null,
11 verbose parsed url   search: null,
11 verbose parsed url   query: null,
11 verbose parsed url   pathname: 'grunt-php',
11 verbose parsed url   path: 'grunt-php',
11 verbose parsed url   href: 'grunt-php' }
12 silly lockFile 98e26eef-grunt-php grunt-php
13 verbose lock grunt-php C:\Users\Usuario\AppData\Roaming\npm-cache\98e26eef-grunt-php.lock
14 silly lockFile 98e26eef-grunt-php grunt-php
15 silly lockFile 98e26eef-grunt-php grunt-php
16 verbose addNamed [ 'grunt-php', '' ]
17 verbose addNamed [ null, '*' ]
18 silly lockFile 0ce38f60-grunt-php grunt-php@
19 verbose lock grunt-php@ C:\Users\Usuario\AppData\Roaming\npm-cache\0ce38f60-grunt-php.lock
20 silly addNameRange { name: 'grunt-php', range: '*', hasData: false }
21 verbose url raw grunt-php
22 verbose url resolving [ 'https://registry.npmjs.org/', './grunt-php' ]
23 verbose url resolved https://registry.npmjs.org/grunt-php
24 info trying registry request attempt 1 at 17:50:13
25 http GET https://registry.npmjs.org/grunt-php
26 info retry will retry, error on last attempt: Error: connect ETIMEDOUT
27 info trying registry request attempt 2 at 17:50:44
28 http GET https://registry.npmjs.org/grunt-php
29 info retry will retry, error on last attempt: Error: connect ETIMEDOUT
30 info trying registry request attempt 3 at 17:52:05
31 http GET https://registry.npmjs.org/grunt-php
32 silly lockFile 0ce38f60-grunt-php grunt-php@
33 silly lockFile 0ce38f60-grunt-php grunt-php@
34 error network connect ETIMEDOUT
34 error network This is most likely not a problem with npm itself
34 error network and is related to network connectivity.
34 error network In most cases you are behind a proxy or have bad network settings.
34 error network
34 error network If you are behind a proxy, please make sure that the
34 error network 'proxy' config is set properly.  See: 'npm help config'
35 error System Windows_NT 6.1.7601
36 error command "C:\\Program Files\\nodejs\\\\node.exe" "C:\\Program Files\\nodejs\\node_modules\\npm\\bin\\npm-cli.js" "install" "grunt-php" "--save-dev"
37 error cwd C:\wamp\www\certificado
38 error node -v v0.10.26
39 error npm -v 1.4.3
40 error syscall connect
41 error code ETIMEDOUT
42 error errno ETIMEDOUT
43 verbose exit [ 1, true ]
